This is pdfTeX, Version 3.1415926-1.40.10 (TeX Live 2009/Debian) (format=pdflatex 2012.5.1)  14 APR 2013 16:46
entering extended mode
 %&-line parsing enabled.
**modeloTCC-2009.04.03.autordata.tex
(./modeloTCC-2009.04.03.autordata.tex
LaTeX2e <2009/09/24>
Babel <v3.8l> and hyphenation patterns for english, usenglishmax, dumylang, noh
yphenation, portuguese, loaded.
(/usr/share/texmf/tex/latex/abntex/abnt.cls
(/usr/share/texmf/tex/latex/abntex/cvs-id.def)
Document Class: abnt 2006/09/09 v1.32 Classe abnt (NBR6024, NBR6027, NBR6028, N
BR14724)
(/usr/share/texmf-texlive/tex/latex/base/ifthen.sty
Package: ifthen 2001/05/26 v1.1c Standard LaTeX ifthen package (DPC)
)
(/usr/share/texmf-texlive/tex/latex/tools/calc.sty
Package: calc 2007/08/22 v4.3 Infix arithmetic (KKT,FJ)
\calc@Acount=\count79
\calc@Bcount=\count80
\calc@Adimen=\dimen102
\calc@Bdimen=\dimen103
\calc@Askip=\skip41
\calc@Bskip=\skip42
LaTeX Info: Redefining \setlength on input line 76.
LaTeX Info: Redefining \addtolength on input line 77.
\calc@Ccount=\count81
\calc@Cskip=\skip43
)
(/usr/share/texmf-texlive/tex/latex/tools/multicol.sty
Package: multicol 2008/12/05 v1.6h multicolumn formatting (FMi)
\c@tracingmulticols=\count82
\mult@box=\box26
\multicol@leftmargin=\dimen104
\c@unbalance=\count83
\c@collectmore=\count84
\doublecol@number=\count85
\multicoltolerance=\count86
\multicolpretolerance=\count87
\full@width=\dimen105
\page@free=\dimen106
\premulticols=\dimen107
\postmulticols=\dimen108
\multicolsep=\skip44
\multicolbaselineskip=\skip45
\partial@page=\box27
\last@line=\box28
\mult@rightbox=\box29
\mult@grightbox=\box30
\mult@gfirstbox=\box31
\mult@firstbox=\box32
\@tempa=\box33
\@tempa=\box34
\@tempa=\box35
\@tempa=\box36
\@tempa=\box37
\@tempa=\box38
\@tempa=\box39
\@tempa=\box40
\@tempa=\box41
\@tempa=\box42
\@tempa=\box43
\@tempa=\box44
\@tempa=\box45
\@tempa=\box46
\@tempa=\box47
\@tempa=\box48
\@tempa=\box49
\c@columnbadness=\count88
\c@finalcolumnbadness=\count89
\last@try=\dimen109
\multicolovershoot=\dimen110
\multicolundershoot=\dimen111
\mult@nat@firstbox=\box50
\colbreak@box=\box51
)
(/usr/share/texmf/tex/latex/abntex/abntex-abrev.sty
(/usr/share/texmf/tex/latex/abntex/cvs-id.def)
Package: abntex-abrev 2005/11/14 v1.4 Abreviacoes

(/usr/share/texmf/tex/latex/abntex/nbr10522-1988.def
(/usr/share/texmf/tex/latex/abntex/cvs-id.def)
File: nbr10522-1988.def 2003/10/13 v1.2 Abreviacoes bibliograficas (NBR10522:19
88)
)
(/usr/share/texmf/tex/latex/abntex/abntex-abrev-pt_BR.def
(/usr/share/texmf/tex/latex/abntex/cvs-id.def)
File: abntex-abrev-pt_BR.def 2005/11/14 v1.3 definicao de abntex-abrev, traduca
o de termos en_US/pt_BR
))
(/usr/share/texmf/tex/latex/abntex/abntex-text.sty
(/usr/share/texmf/tex/latex/abntex/cvs-id.def)
Package: abntex-text 2005/11/14 v1.1 abnTeX text replacements

(/usr/share/texmf/tex/latex/abntex/abntex-text-pt_BR.def
(/usr/share/texmf/tex/latex/abntex/cvs-id.def)
File: abntex-text-pt_BR.def 2005/12/21 v1.2 Definicao de nomes em Portugues/Bra
sil (pt_BR)
))
(/usr/share/texmf/tex/latex/abntex/abntex-default-design.sty
(/usr/share/texmf/tex/latex/abntex/cvs-id.def)
Package: abntex-default-design 2005/06/22 v1.2 Definicoes de design padrao do a
bntex

(/usr/share/texmf-texlive/tex/latex/ltxmisc/relsize.sty
Package: relsize 2003/07/04 ver 3.1


Package relsize Warning: Failed to get list of font sizes.
(relsize)                Falling back to old definition. on input line 81.

)
\ABNTanapindent=\skip46
\ABNTsignwidth=\skip47
\ABNTsignthickness=\skip48
\ABNTsignskip=\skip49
) (/usr/share/texmf/tex/latex/abntex/nbr6027-1989.def)
(/usr/share/texmf/tex/latex/abntex/nbr14724-2001.def)
(/usr/share/texmf-texlive/tex/latex/base/report.cls
Document Class: report 2007/10/19 v1.4h Standard LaTeX document class
(/usr/share/texmf-texlive/tex/latex/base/size12.clo
File: size12.clo 2007/10/19 v1.4h Standard LaTeX file (size option)
)
\c@part=\count90
\c@chapter=\count91
\c@section=\count92
\c@subsection=\count93
\c@subsubsection=\count94
\c@paragraph=\count95
\c@subparagraph=\count96
\c@figure=\count97
\c@table=\count98
\abovecaptionskip=\skip50
\belowcaptionskip=\skip51
\bibindent=\dimen112
)
(/usr/share/texmf-texlive/tex/latex/setspace/setspace.sty
Package: setspace 2000/12/01 6.7 Contributed and Supported LaTeX2e package

Package: `setspace' 6.7 <2000/12/01>
) (/usr/share/texmf-texlive/tex/latex/psnfss/mathptmx.sty
Package: mathptmx 2005/04/12 PSNFSS-v9.2a Times w/ Math, improved (SPQR, WaS) 
LaTeX Font Info:    Redeclaring symbol font `operators' on input line 28.
LaTeX Font Info:    Overwriting symbol font `operators' in version `normal'
(Font)                  OT1/cmr/m/n --> OT1/ztmcm/m/n on input line 28.
LaTeX Font Info:    Overwriting symbol font `operators' in version `bold'
(Font)                  OT1/cmr/bx/n --> OT1/ztmcm/m/n on input line 28.
LaTeX Font Info:    Redeclaring symbol font `letters' on input line 29.
LaTeX Font Info:    Overwriting symbol font `letters' in version `normal'
(Font)                  OML/cmm/m/it --> OML/ztmcm/m/it on input line 29.
LaTeX Font Info:    Overwriting symbol font `letters' in version `bold'
(Font)                  OML/cmm/b/it --> OML/ztmcm/m/it on input line 29.
LaTeX Font Info:    Redeclaring symbol font `symbols' on input line 30.
LaTeX Font Info:    Overwriting symbol font `symbols' in version `normal'
(Font)                  OMS/cmsy/m/n --> OMS/ztmcm/m/n on input line 30.
LaTeX Font Info:    Overwriting symbol font `symbols' in version `bold'
(Font)                  OMS/cmsy/b/n --> OMS/ztmcm/m/n on input line 30.
LaTeX Font Info:    Redeclaring symbol font `largesymbols' on input line 31.
LaTeX Font Info:    Overwriting symbol font `largesymbols' in version `normal'
(Font)                  OMX/cmex/m/n --> OMX/ztmcm/m/n on input line 31.
LaTeX Font Info:    Overwriting symbol font `largesymbols' in version `bold'
(Font)                  OMX/cmex/m/n --> OMX/ztmcm/m/n on input line 31.
\symbold=\mathgroup4
\symitalic=\mathgroup5
LaTeX Font Info:    Redeclaring math alphabet \mathbf on input line 34.
LaTeX Font Info:    Overwriting math alphabet `\mathbf' in version `normal'
(Font)                  OT1/cmr/bx/n --> OT1/ptm/bx/n on input line 34.
LaTeX Font Info:    Overwriting math alphabet `\mathbf' in version `bold'
(Font)                  OT1/cmr/bx/n --> OT1/ptm/bx/n on input line 34.
LaTeX Font Info:    Redeclaring math alphabet \mathit on input line 35.
LaTeX Font Info:    Overwriting math alphabet `\mathit' in version `normal'
(Font)                  OT1/cmr/m/it --> OT1/ptm/m/it on input line 35.
LaTeX Font Info:    Overwriting math alphabet `\mathit' in version `bold'
(Font)                  OT1/cmr/bx/it --> OT1/ptm/m/it on input line 35.
LaTeX Info: Redefining \hbar on input line 50.
)
(/usr/share/texmf-texlive/tex/latex/psnfss/helvet.sty
Package: helvet 2005/04/12 PSNFSS-v9.2a (WaS) 

(/usr/share/texmf-texlive/tex/latex/graphics/keyval.sty
Package: keyval 1999/03/16 v1.13 key=value parser (DPC)
\KV@toks@=\toks14
))
(/usr/share/texmf-texlive/tex/latex/tools/indentfirst.sty
Package: indentfirst 1995/11/23 v1.03 Indent first paragraph (DPC)
))
(/usr/share/texmf-texlive/tex/latex/graphics/graphicx.sty
Package: graphicx 1999/02/16 v1.0f Enhanced LaTeX Graphics (DPC,SPQR)

(/usr/share/texmf-texlive/tex/latex/graphics/graphics.sty
Package: graphics 2009/02/05 v1.0o Standard LaTeX Graphics (DPC,SPQR)

(/usr/share/texmf-texlive/tex/latex/graphics/trig.sty
Package: trig 1999/03/16 v1.09 sin cos tan (DPC)
)
(/etc/texmf/tex/latex/config/graphics.cfg
File: graphics.cfg 2009/08/28 v1.8 graphics configuration of TeX Live
)
Package graphics Info: Driver file: pdftex.def on input line 91.

(/usr/share/texmf-texlive/tex/latex/pdftex-def/pdftex.def
File: pdftex.def 2010/03/12 v0.04p Graphics/color for pdfTeX
\Gread@gobject=\count99
))
\Gin@req@height=\dimen113
\Gin@req@width=\dimen114
)
(/usr/share/texmf-texlive/tex/latex/base/inputenc.sty
Package: inputenc 2008/03/30 v1.1d Input encoding file
\inpenc@prehook=\toks15
\inpenc@posthook=\toks16

(/usr/share/texmf-texlive/tex/latex/base/latin1.def
File: latin1.def 2008/03/30 v1.1d Input encoding file
))
(/usr/share/texmf-texlive/tex/generic/babel/babel.sty
Package: babel 2008/07/06 v3.8l The Babel package

(/usr/share/texmf-texlive/tex/generic/babel/portuges.ldf
Language: portuges 2008/03/18 v1.2q Portuguese support from the babel system

(/usr/share/texmf-texlive/tex/generic/babel/babel.def
File: babel.def 2008/07/06 v3.8l Babel common definitions
\babel@savecnt=\count100
\U@D=\dimen115
)
\l@brazil = a dialect from \language\l@portuges 
Package babel Info: Making " an active character on input line 145.
))
(/usr/share/texmf/tex/latex/abntex/abntcite.sty
(/usr/share/texmf/tex/latex/abntex/cvs-id.def)
Package: abntcite 2006/04/25 v1.30 Chamadas de referencias no texto (NBR10520, 
NBR10522)
\minimumbiblabelwidth=\skip52
\ABCIauxlen=\skip53
\c@ABCIaux=\count101
\c@ABCImax=\count102

(/usr/share/texmf/tex/latex/abntex/nbr10520-2002.def
(/usr/share/texmf/tex/latex/abntex/cvs-id.def)
File: nbr10520-2002.def 2006/04/25 v1.4 Definicoes para abntcite (NBR10520:2002
)
)
\biblabelsep=\skip54
LaTeX Info: Redefining \newblock on input line 466.
LaTeX Info: Redefining \cite on input line 493.
\ABCItoken=\toks17
)
(/usr/share/texmf-texlive/tex/latex/amsfonts/amsfonts.sty
Package: amsfonts 2009/06/22 v3.00 Basic AMSFonts support
\@emptytoks=\toks18
\symAMSa=\mathgroup6
\symAMSb=\mathgroup7
LaTeX Font Info:    Overwriting math alphabet `\mathfrak' in version `bold'
(Font)                  U/euf/m/n --> U/euf/b/n on input line 96.
)
(/usr/share/texmf-texlive/tex/latex/amsfonts/amssymb.sty
Package: amssymb 2009/06/22 v3.00
)
(/usr/share/texmf-texlive/tex/latex/amscls/amsthm.sty
Package: amsthm 2004/08/06 v2.20
\thm@style=\toks19
\thm@bodyfont=\toks20
\thm@headfont=\toks21
\thm@notefont=\toks22
\thm@headpunct=\toks23
\thm@preskip=\skip55
\thm@postskip=\skip56
\thm@headsep=\skip57
\dth@everypar=\toks24
)
(/usr/share/texmf-texlive/tex/latex/rotating/rotating.sty
Package: rotating 2009/03/28 v2.16a rotated objects in LaTeX
\c@r@tfl@t=\count103
\rotFPtop=\skip58
\rotFPbot=\skip59
\rot@float@box=\box52
\rot@mess@toks=\toks25
)
(./arquivos_para_alterar/a00-personalizar.sty
Package: ./arquivos_para_alterar/a00-personalizar 
\c@teorema=\count104
\c@exemplo=\count105
\c@observacao=\count106
\c@definicao=\count107
)
(./arquivos_para_alterar/a01-folhaderosto.sty
Package: ./arquivos_para_alterar/a01-folhaderosto 
)
(./modeloTCC-2009.04.03.autordata.aux)
\openout1 = `modeloTCC-2009.04.03.autordata.aux'.

LaTeX Font Info:    Checking defaults for OML/cmm/m/it on input line 56.
LaTeX Font Info:    ... okay on input line 56.
LaTeX Font Info:    Checking defaults for T1/cmr/m/n on input line 56.
LaTeX Font Info:    ... okay on input line 56.
LaTeX Font Info:    Checking defaults for OT1/cmr/m/n on input line 56.
LaTeX Font Info:    ... okay on input line 56.
LaTeX Font Info:    Checking defaults for OMS/cmsy/m/n on input line 56.
LaTeX Font Info:    ... okay on input line 56.
LaTeX Font Info:    Checking defaults for OMX/cmex/m/n on input line 56.
LaTeX Font Info:    ... okay on input line 56.
LaTeX Font Info:    Checking defaults for U/cmr/m/n on input line 56.
LaTeX Font Info:    ... okay on input line 56.
LaTeX Font Info:    Try loading font information for OT1+ptm on input line 56.

(/usr/share/texmf-texlive/tex/latex/psnfss/ot1ptm.fd
File: ot1ptm.fd 2001/06/04 font definitions for OT1/ptm.
)
\big@size=\dimen116

(/usr/share/texmf-texlive/tex/context/base/supp-pdf.mkii
[Loading MPS to PDF converter (version 2006.09.02).]
\scratchcounter=\count108
\scratchdimen=\dimen117
\scratchbox=\box53
\nofMPsegments=\count109
\nofMParguments=\count110
\everyMPshowfont=\toks26
\MPscratchCnt=\count111
\MPscratchDim=\dimen118
\MPnumerator=\count112
\everyMPtoPDFconversion=\toks27
) (./arquivos_para_alterar/a02-configurar.tex)
LaTeX Font Info:    Font shape `OT1/ptm/bx/n' in size <14.4> not available
(Font)              Font shape `OT1/ptm/b/n' tried instead on input line 95.
LaTeX Font Info:    Try loading font information for OT1+ztmcm on input line 95
.

(/usr/share/texmf-texlive/tex/latex/psnfss/ot1ztmcm.fd
File: ot1ztmcm.fd 2000/01/03 Fontinst v1.801 font definitions for OT1/ztmcm.
)
LaTeX Font Info:    Try loading font information for OML+ztmcm on input line 95
.

(/usr/share/texmf-texlive/tex/latex/psnfss/omlztmcm.fd
File: omlztmcm.fd 2000/01/03 Fontinst v1.801 font definitions for OML/ztmcm.
)
LaTeX Font Info:    Try loading font information for OMS+ztmcm on input line 95
.

(/usr/share/texmf-texlive/tex/latex/psnfss/omsztmcm.fd
File: omsztmcm.fd 2000/01/03 Fontinst v1.801 font definitions for OMS/ztmcm.
)
LaTeX Font Info:    Try loading font information for OMX+ztmcm on input line 95
.

(/usr/share/texmf-texlive/tex/latex/psnfss/omxztmcm.fd
File: omxztmcm.fd 2000/01/03 Fontinst v1.801 font definitions for OMX/ztmcm.
)
LaTeX Font Info:    Font shape `OT1/ptm/bx/n' in size <12> not available
(Font)              Font shape `OT1/ptm/b/n' tried instead on input line 95.
LaTeX Font Info:    Font shape `OT1/ptm/bx/n' in size <9> not available
(Font)              Font shape `OT1/ptm/b/n' tried instead on input line 95.
LaTeX Font Info:    Font shape `OT1/ptm/bx/n' in size <7> not available
(Font)              Font shape `OT1/ptm/b/n' tried instead on input line 95.
LaTeX Font Info:    Font shape `OT1/ptm/bx/n' in size <20.74> not available
(Font)              Font shape `OT1/ptm/b/n' tried instead on input line 95.
LaTeX Font Info:    Font shape `OT1/ptm/bx/it' in size <20.74> not available
(Font)              Font shape `OT1/ptm/b/it' tried instead on input line 95.

Underfull \hbox (badness 5217) in paragraph at lines 95--95
\OT1/ptm/m/n/12 como parte das ati-vi-da-des para obten[][]ao
 []


Underfull \hbox (badness 10000) in paragraph at lines 95--95
\OT1/ptm/m/n/12 do t[]^^Ptulo de tecn[]ologo em sis-te-mas de
 []


Underfull \hbox (badness 7963) in paragraph at lines 95--95
\OT1/ptm/m/n/12 telecomunica[][]oes do Ins-ti-tuto Fe-de-ral de
 []

[1

{/var/lib/texmf/fonts/map/pdftex/updmap/pdftex.map}]
(./arquivos_para_alterar/a03-folhadeaprovacao.tex) [2

]
LaTeX Font Info:    Font shape `OT1/ptm/bx/n' in size <24.88> not available
(Font)              Font shape `OT1/ptm/b/n' tried instead on input line 130.
LaTeX Font Info:    Font shape `OT1/ptm/bx/it' in size <24.88> not available
(Font)              Font shape `OT1/ptm/b/it' tried instead on input line 130.

(./arquivos_para_alterar/a04-dedicatoria.tex) [3


]
(./arquivos_para_alterar/a05-agradecimentos.tex) [4

]
(./arquivos_para_alterar/a06-epigrafe.tex) [5

]
(./arquivos_para_alterar/a07-resumo.tex) [6


]
(./modeloTCC-2009.04.03.autordata.toc
LaTeX Font Info:    Font shape `OT1/ptm/bx/it' in size <12> not available
(Font)              Font shape `OT1/ptm/b/it' tried instead on input line 2.
 [7

])
\tf@toc=\write3
\openout3 = `modeloTCC-2009.04.03.autordata.toc'.

 [8] [9

]
(./arquivos_para_alterar/a09-introducao.tex
Overfull \hbox (3.58344pt too wide) in paragraph at lines 5--8
\OT1/ptm/m/n/12 baseando-se num cen[]ario real. Co-lo-car em pr[]atica os co-nh
e-ci-men-tos ob-ti-dos das recomenda[][]oes,
 []

) (./arquivos_para_alterar/a10-desenvolvimento.tex [10

]
Cap\'{\i }tulo 1.
LaTeX Font Info:    Font shape `OT1/ptm/bx/n' in size <17.28> not available
(Font)              Font shape `OT1/ptm/b/n' tried instead on input line 11.

Overfull \hbox (5.81046pt too wide) in paragraph at lines 13--15
\OT1/ptm/m/n/12 1$[]$ DE SE-TEM-BRO DE 2010, que al-tera o Re-gu-la-mento T[]ec
nico para Emis-so-ras de R[]adiodifus[]ao
 []

[11

] [12]
Cap\'{\i }tulo 2.
LaTeX Font Info:    Font shape `OT1/ptm/bx/it' in size <17.28> not available
(Font)              Font shape `OT1/ptm/b/it' tried instead on input line 71.

Overfull \hbox (6.93105pt too wide) in paragraph at lines 73--79
\OT1/ptm/m/n/12 telecomunica[][]oes re-gu-lar-mente au-to-ri-za-dos e re-du-zir
 pos-si-bi-li-da-des de da-nos f[]^^Psicos []a popula[][]ao.
 []

[13

] [14]
Cap\'{\i }tulo 3.

Overfull \hbox (1.50768pt too wide) in paragraph at lines 107--107
[]\OT1/ptm/b/n/17.28 N[]IVEL M[]EDIO DO TER-RENO E AL-TURA ACIMA DO
 []

[15

]
Cap\'{\i }tulo 4.
[16

]
Cap\'{\i }tulo 5.

Overfull \hbox (3.37717pt too wide) in paragraph at lines 145--147
[]\OT1/ptm/m/n/12 Constatando que existe espa[]o para uma constru[][]ao de uma 
nova torre, par-ti-mos do princ[]^^Ppio
 []

<./figuras/google1.png, id=57, 1371.1225pt x 770.88pt>
File: ./figuras/google1.png Graphic file (type png)

<use ./figuras/google1.png> [17

]
LaTeX Font Info:    Font shape `OT1/ptm/bx/n' in size <10.95> not available
(Font)              Font shape `OT1/ptm/b/n' tried instead on input line 172.
LaTeX Font Info:    Font shape `OT1/ptm/bx/n' in size <8> not available
(Font)              Font shape `OT1/ptm/b/n' tried instead on input line 172.

Overfull \hbox (6.93105pt too wide) in paragraph at lines 174--180
\OT1/ptm/m/n/12 telecomunica[][]oes re-gu-lar-mente au-to-ri-za-dos e re-du-zir
 pos-si-bi-li-da-des de da-nos f[]^^Psicos []a popula[][]ao.
 []

[18 <./figuras/google1.png (PNG copy)>]
<./figuras/nmt1_v2.pdf, id=64, 845.1575pt x 597.23125pt>
File: ./figuras/nmt1_v2.pdf Graphic file (type pdf)

<use ./figuras/nmt1_v2.pdf>
LaTeX Font Info:    Font shape `OT1/ptm/bx/n' in size <6> not available
(Font)              Font shape `OT1/ptm/b/n' tried instead on input line 233.
LaTeX Font Info:    Font shape `OT1/ptm/bx/n' in size <5> not available
(Font)              Font shape `OT1/ptm/b/n' tried instead on input line 233.
 [19] [20] [21 <./figuras/nmt1_v2.pdf, page is rotated 90 degrees>] [22]
Overfull \hbox (8.03235pt too wide) in paragraph at lines 369--371
[]\OT1/ptm/m/n/12 Confome []e apre-sen-tado na norma, as cur-vas E(50,50) s[]ao
 uti-li-za-das para cal-cu-lar as dist[]ancias
 []

[23] [24] [25] [26] [27]
<./figuras/e5050.jpg, id=103, 597.23125pt x 643.40375pt>
File: ./figuras/e5050.jpg Graphic file (type jpg)

<use ./figuras/e5050.jpg>
Overfull \hbox (22.54153pt too wide) in paragraph at lines 545--546
 [][] 
 []

<./figuras/e5010.jpg, id=104, 604.2575pt x 673.51625pt>
File: ./figuras/e5010.jpg Graphic file (type jpg)

<use ./figuras/e5010.jpg>
Overfull \hbox (28.16255pt too wide) in paragraph at lines 552--553
 [][] 
 []


LaTeX Warning: Float too large for page by 31.44392pt on input line 588.

[28] [29] [30 <./figuras/e5050.jpg>] [31 <./figuras/e5010.jpg>]
Cap\'{\i }tulo 6.
File: ./figuras/nmt1_v2.pdf Graphic file (type pdf)
<use ./figuras/nmt1_v2.pdf>
<./figuras/nmt2_v2.pdf, id=118, 845.1575pt x 597.23125pt>
File: ./figuras/nmt2_v2.pdf Graphic file (type pdf)

<use ./figuras/nmt2_v2.pdf>
<./figuras/nmt3_v2.pdf, id=119, 845.1575pt x 597.23125pt>
File: ./figuras/nmt3_v2.pdf Graphic file (type pdf)

<use ./figuras/nmt3_v2.pdf>
<./figuras/nmt4_v2.pdf, id=120, 845.1575pt x 597.23125pt>
File: ./figuras/nmt4_v2.pdf Graphic file (type pdf)

<use ./figuras/nmt4_v2.pdf>
<./figuras/nmt5_v2.pdf, id=121, 845.1575pt x 597.23125pt>
File: ./figuras/nmt5_v2.pdf Graphic file (type pdf)

<use ./figuras/nmt5_v2.pdf>
<./figuras/nmt6_v2.pdf, id=122, 845.1575pt x 597.23125pt>
File: ./figuras/nmt6_v2.pdf Graphic file (type pdf)

<use ./figuras/nmt6_v2.pdf>
<./figuras/nmt7_v2.pdf, id=123, 845.1575pt x 597.23125pt>
File: ./figuras/nmt7_v2.pdf Graphic file (type pdf)

<use ./figuras/nmt7_v2.pdf>
<./figuras/nmt8_v2.pdf, id=124, 845.1575pt x 597.23125pt>
File: ./figuras/nmt8_v2.pdf Graphic file (type pdf)

<use ./figuras/nmt8_v2.pdf>
<./figuras/nmt9_v2.pdf, id=125, 845.1575pt x 597.23125pt>
File: ./figuras/nmt9_v2.pdf Graphic file (type pdf)

<use ./figuras/nmt9_v2.pdf>
<./figuras/nmt10_v2.pdf, id=126, 845.1575pt x 597.23125pt>
File: ./figuras/nmt10_v2.pdf Graphic file (type pdf)

<use ./figuras/nmt10_v2.pdf>
<./figuras/nmt11_v2.pdf, id=127, 845.1575pt x 597.23125pt>
File: ./figuras/nmt11_v2.pdf Graphic file (type pdf)

<use ./figuras/nmt11_v2.pdf>
<./figuras/nmt12_v2.pdf, id=128, 845.1575pt x 597.23125pt>
File: ./figuras/nmt12_v2.pdf Graphic file (type pdf)

<use ./figuras/nmt12_v2.pdf>) [32

] [33 <./figuras/nmt2_v2.pdf, page is rotated 90 degrees> <./figuras/nmt3_v2.pd
f, page is rotated 90 degrees>] [34 <./figuras/nmt4_v2.pdf, page is rotated 90 
degrees> <./figuras/nmt5_v2.pdf, page is rotated 90 degrees>] [35 <./figuras/nm
t6_v2.pdf, page is rotated 90 degrees> <./figuras/nmt7_v2.pdf, page is rotated 
90 degrees>] [36 <./figuras/nmt8_v2.pdf, page is rotated 90 degrees> <./figuras
/nmt9_v2.pdf, page is rotated 90 degrees>]
[37 <./figuras/nmt10_v2.pdf, page is rotated 90 degrees> <./figuras/nmt11_v2.pd
f, page is rotated 90 degrees>] [38 <./figuras/nmt12_v2.pdf, page is rotated 90
 degrees>]
Cap\'{\i }tulo 7.
(./arquivos_para_alterar/a11-conclusao.tex)
(./arquivos_para_alterar/a12-referenciasnaocidadas.tex)
(./modeloTCC-2009.04.03.autordata.bbl [39

])
+-------------------------------------------------------------------+
| Comentario, sugestao ou critica sobre o abnTeX? Entre em contato: |
|                  http://abntex.codigolivre.org.br                 |
+-------------------------------------------------------------------+
[40

] (./modeloTCC-2009.04.03.autordata.aux) ) 
Here is how much of TeX's memory you used:
 3168 strings out of 495041
 44682 string characters out of 1181898
 144977 words of memory out of 3000000
 6184 multiletter control sequences out of 15000+50000
 61363 words of font info for 134 fonts, out of 3000000 for 9000
 30 hyphenation exceptions out of 8191
 35i,9n,41p,395b,280s stack positions out of 5000i,500n,10000p,200000b,50000s
{/usr/share/texmf-texlive/fonts/enc/d
vips/base/8r.enc}</usr/share/texmf-texlive/fonts/type1/public/amsfonts/cm/cmmi1
0.pfb></usr/share/texmf-texlive/fonts/type1/public/amsfonts/cm/cmr10.pfb></usr/
share/texmf-texlive/fonts/type1/public/amsfonts/cm/cmsy10.pfb></usr/share/texmf
-texlive/fonts/type1/urw/symbol/usyr.pfb></usr/share/texmf-texlive/fonts/type1/
urw/times/utmb8a.pfb></usr/share/texmf-texlive/fonts/type1/urw/times/utmbi8a.pf
b></usr/share/texmf-texlive/fonts/type1/urw/times/utmr8a.pfb></usr/share/texmf-
texlive/fonts/type1/urw/times/utmri8a.pfb>
Output written on modeloTCC-2009.04.03.autordata.pdf (40 pages, 1973889 bytes).

PDF statistics:
 252 PDF objects out of 1000 (max. 8388607)
 0 named destinations out of 1000 (max. 500000)
 76 words of extra memory for PDF output out of 10000 (max. 10000000)

